0 info it worked if it ends with ok
1 verbose cli [ 'node', '/Users/Wuwenj/.node/bin/npm', 'start' ]
2 info using npm@2.7.6
3 info using node@v0.12.0
4 verbose node symlink /usr/local/bin/node
5 verbose stack Error: missing script: start
5 verbose stack     at run (/Users/Wuwenj/.node/lib/node_modules/npm/lib/run-script.js:165:19)
5 verbose stack     at /Users/Wuwenj/.node/lib/node_modules/npm/lib/run-script.js:81:5
5 verbose stack     at /Users/Wuwenj/.node/lib/node_modules/npm/node_modules/read-package-json/read-json.js:345:5
5 verbose stack     at checkBinReferences_ (/Users/Wuwenj/.node/lib/node_modules/npm/node_modules/read-package-json/read-json.js:309:45)
5 verbose stack     at final (/Users/Wuwenj/.node/lib/node_modules/npm/node_modules/read-package-json/read-json.js:343:3)
5 verbose stack     at then (/Users/Wuwenj/.node/lib/node_modules/npm/node_modules/read-package-json/read-json.js:113:5)
5 verbose stack     at /Users/Wuwenj/.node/lib/node_modules/npm/node_modules/read-package-json/read-json.js:300:12
5 verbose stack     at evalmachine.<anonymous>:336:14
5 verbose stack     at /Users/Wuwenj/.node/lib/node_modules/npm/node_modules/graceful-fs/graceful-fs.js:102:5
5 verbose stack     at FSReqWrap.oncomplete (evalmachine.<anonymous>:99:15)
6 verbose cwd /Users/Wuwenj/Personal/khapp
7 error Darwin 14.3.0
8 error argv "node" "/Users/Wuwenj/.node/bin/npm" "start"
9 error node v0.12.0
10 error npm  v2.7.6
11 error missing script: start
12 error If you need help, you may report this error at:
12 error     <https://github.com/npm/npm/issues>
13 verbose exit [ 1, true ]
